2025-12-29T00:57:05.339+01:00  WARN 5845 --- [api] [HikariPool-1:housekeeper] com.zaxxer.hikari.pool.HikariPool        : HikariPool-1 - Thread starvation or clock leap detected (housekeeper delta=17m34s352ms).
2025-12-29T01:13:12.009+01:00  WARN 5845 --- [api] [HikariPool-1:housekeeper] com.zaxxer.hikari.pool.HikariPool        : HikariPool-1 - Thread starvation or clock leap detected (housekeeper delta=15m36s656ms).
2025-12-29T01:14:58.040+01:00  WARN 5845 --- [api] [HikariPool-1:housekeeper] com.zaxxer.hikari.pool.HikariPool        : HikariPool-1 - Thread starvation or clock leap detected (housekeeper delta=1m46s31ms).
2025-12-29T01:31:15.854+01:00  WARN 5845 --- [api] [HikariPool-1:housekeeper] com.zaxxer.hikari.pool.HikariPool        : HikariPool-1 - Thread starvation or clock leap detected (housekeeper delta=15m47s809ms).
2025-12-29T02:47:01.968+01:00  WARN 5845 --- [api] [HikariPool-1:housekeeper] com.zaxxer.hikari.pool.HikariPool        : HikariPool-1 - Thread starvation or clock leap detected (housekeeper delta=15m45s964ms).
2025-12-29T03:03:57.697+01:00  WARN 5845 --- [api] [HikariPool-1:housekeeper] com.zaxxer.hikari.pool.HikariPool        : HikariPool-1 - Thread starvation or clock leap detected (housekeeper delta=15m55s714ms).
2025-12-29T04:20:17.007+01:00  WARN 5845 --- [api] [HikariPool-1:housekeeper] com.zaxxer.hikari.pool.HikariPool        : HikariPool-1 - Thread starvation or clock leap detected (housekeeper delta=15m49s96ms).
2025-12-29T04:35:47.685+01:00  WARN 5845 --- [api] [HikariPool-1:housekeeper] com.zaxxer.hikari.pool.HikariPool        : HikariPool-1 - Thread starvation or clock leap detected (housekeeper delta=15m30s678ms).
2025-12-29T04:53:32.666+01:00  WARN 5845 --- [api] [HikariPool-1:housekeeper] com.zaxxer.hikari.pool.HikariPool        : HikariPool-1 - Thread starvation or clock leap detected (housekeeper delta=17m14s991ms).
2025-12-29T06:11:28.575+01:00  WARN 5845 --- [api] [HikariPool-1:housekeeper] com.zaxxer.hikari.pool.HikariPool        : HikariPool-1 - Thread starvation or clock leap detected (housekeeper delta=17m25s743ms).
2025-12-29T06:29:17.825+01:00  WARN 5845 --- [api] [HikariPool-1:housekeeper] com.zaxxer.hikari.pool.HikariPool        : HikariPool-1 - Thread starvation or clock leap detected (housekeeper delta=15m49s233ms).
2025-12-29T06:43:30.734+01:00  WARN 5845 --- [api] [HikariPool-1:housekeeper] com.zaxxer.hikari.pool.HikariPool        : HikariPool-1 - Thread starvation or clock leap detected (housekeeper delta=13m42s881ms).
2025-12-29T07:00:21.032+01:00  WARN 5845 --- [api] [HikariPool-1:housekeeper] com.zaxxer.hikari.pool.HikariPool        : HikariPool-1 - Thread starvation or clock leap detected (housekeeper delta=15m50s293ms).
2025-12-29T07:15:57.821+01:00  WARN 5845 --- [api] [HikariPool-1:housekeeper] com.zaxxer.hikari.pool.HikariPool        : HikariPool-1 - Thread starvation or clock leap detected (housekeeper delta=15m36s789ms).
2025-12-29T08:33:03.458+01:00  WARN 5845 --- [api] [HikariPool-1:housekeeper] com.zaxxer.hikari.pool.HikariPool        : HikariPool-1 - Thread starvation or clock leap detected (housekeeper delta=16m5s425ms).
2025-12-29T08:44:33.358+01:00  WARN 5845 --- [api] [HikariPool-1:housekeeper] com.zaxxer.hikari.pool.HikariPool        : HikariPool-1 - Thread starvation or clock leap detected (housekeeper delta=10m59s881ms).
2025-12-29T09:01:08.644+01:00  WARN 5845 --- [api] [HikariPool-1:housekeeper] com.zaxxer.hikari.pool.HikariPool        : HikariPool-1 - Thread starvation or clock leap detected (housekeeper delta=16m5s282ms).
2025-12-29T10:17:39.929+01:00  WARN 5845 --- [api] [HikariPool-1:housekeeper] com.zaxxer.hikari.pool.HikariPool        : HikariPool-1 - Thread starvation or clock leap detected (housekeeper delta=16m1s115ms).
2025-12-29T10:27:33.836+01:00  WARN 5845 --- [api] [HikariPool-1:housekeeper] com.zaxxer.hikari.pool.HikariPool        : HikariPool-1 - Thread starvation or clock leap detected (housekeeper delta=9m53s908ms).
2025-12-29T10:36:03.638+01:00  WARN 5845 --- [api] [HikariPool-1:housekeeper] com.zaxxer.hikari.pool.HikariPool        : HikariPool-1 - Thread starvation or clock leap detected (housekeeper delta=7m59s800ms).
2025-12-29T10:38:01.114+01:00  WARN 5845 --- [api] [HikariPool-1:housekeeper] com.zaxxer.hikari.pool.HikariPool        : HikariPool-1 - Thread starvation or clock leap detected (housekeeper delta=1m27s470ms).
2025-12-29T10:41:59.710+01:00  WARN 5845 --- [api] [HikariPool-1:housekeeper] com.zaxxer.hikari.pool.HikariPool        : HikariPool-1 - Thread starvation or clock leap detected (housekeeper delta=3m28s593ms).
2025-12-29T10:45:13.750+01:00  WARN 5845 --- [api] [HikariPool-1:housekeeper] com.zaxxer.hikari.pool.HikariPool        : HikariPool-1 - Thread starvation or clock leap detected (housekeeper delta=3m14s40ms).
2025-12-29T11:02:06.699+01:00  WARN 5845 --- [api] [HikariPool-1:housekeeper] com.zaxxer.hikari.pool.HikariPool        : HikariPool-1 - Thread starvation or clock leap detected (housekeeper delta=16m22s944ms).
2025-12-29T12:19:48.402+01:00  WARN 5845 --- [api] [HikariPool-1:housekeeper] com.zaxxer.hikari.pool.HikariPool        : HikariPool-1 - Thread starvation or clock leap detected (housekeeper delta=16m41s474ms).
2025-12-29T13:33:47.040+01:00  WARN 5845 --- [api] [HikariPool-1:housekeeper] com.zaxxer.hikari.pool.HikariPool        : HikariPool-1 - Thread starvation or clock leap detected (housekeeper delta=13m58s424ms).
2025-12-29T13:35:09.556+01:00  INFO 5845 --- [api] [SpringApplicationShutdownHook] o.s.b.w.e.tomcat.GracefulShutdown        : Commencing graceful shutdown. Waiting for active requests to complete
2025-12-29T13:35:09.562+01:00  INFO 5845 --- [api] [tomcat-shutdown] o.s.b.w.e.tomcat.GracefulShutdown        : Graceful shutdown complete
2025-12-29T13:35:09.573+01:00  INFO 5845 --- [api] [SpringApplicationShutdownHook] j.LocalContainerEntityManagerFactoryBean : Closing JPA EntityManagerFactory for persistence unit 'default'
2025-12-29T13:35:09.586+01:00  INFO 5845 --- [api] [SpringApplicationShutdownHook] com.zaxxer.hikari.HikariDataSource       : HikariPool-1 - Shutdown initiated...
2025-12-29T13:35:09.588+01:00  INFO 5845 --- [api] [SpringApplicationShutdownHook] com.zaxxer.hikari.HikariDataSource       : HikariPool-1 - Shutdown completed.
